<?xml version="1.0" encoding="UTF-8"?>
<!-- Generated by org.testng.reporters.JUnitReportReporter -->
<testsuite hostname="DESKTOP-CLCE58R" failures="0" tests="1" name="testCases.TC_001_AccountRegistrationTest" time="2.308" errors="0" timestamp="2023-10-28T14:07:23 IST" skipped="0">
  <testcase classname="testCases.TC_001_AccountRegistrationTest" name="test_account_Registration" time="2.308"/>
  <system-out/>
</testsuite> <!-- testCases.TC_001_AccountRegistrationTest -->
